  geometry.cpp
E:\test\renderer\renderer\renderer\geometry.cpp(4,67): warning C4244: “初始化”: 从“const T”转换到“T”，可能丢失数据
          with
          [
              T=int
          ]
          and
          [
              T=float
          ]
E:\test\renderer\renderer\renderer\geometry.cpp(4,75): warning C4244: “初始化”: 从“const T”转换到“T”，可能丢失数据
          with
          [
              T=int
          ]
          and
          [
              T=float
          ]
E:\test\renderer\renderer\renderer\geometry.cpp(7,69): warning C4244: “初始化”: 从“const T”转换到“T”，可能丢失数据
          with
          [
              T=int
          ]
          and
          [
              T=float
          ]
E:\test\renderer\renderer\renderer\geometry.cpp(7,77): warning C4244: “初始化”: 从“const T”转换到“T”，可能丢失数据
          with
          [
              T=int
          ]
          and
          [
              T=float
          ]
E:\test\renderer\renderer\renderer\geometry.cpp(7,85): warning C4244: “初始化”: 从“const T”转换到“T”，可能丢失数据
          with
          [
              T=int
          ]
          and
          [
              T=float
          ]
  main.cpp
E:\test\renderer\renderer\renderer\tgaimage.h(58,59): warning C4244: “=”: 从“float”转换到“unsigned char”，可能丢失数据
E:\test\renderer\renderer\renderer\main.cpp(40,22): warning C4244: “初始化”: 从“double”转换到“float”，可能丢失数据
E:\test\renderer\renderer\renderer\main.cpp(51,67): warning C4244: “参数”: 从“double”转换到“const _Ty”，可能丢失数据
          with
          [
              _Ty=float
          ]
E:\test\renderer\renderer\renderer\main.cpp(51,63): warning C4244: “=”: 从“const _Ty”转换到“unsigned char”，可能丢失数据
          with
          [
              _Ty=float
          ]
  model.cpp
E:\test\renderer\renderer\renderer\tgaimage.h(58,59): warning C4244: “=”: 从“float”转换到“unsigned char”，可能丢失数据
E:\test\renderer\renderer\renderer\model.cpp(89,55): warning C4244: “参数”: 从“T”转换到“T”，可能丢失数据
          with
          [
              T=float
          ]
          and
          [
              T=int
          ]
E:\test\renderer\renderer\renderer\model.cpp(89,21): warning C4244: “参数”: 从“T”转换到“T”，可能丢失数据
          with
          [
              T=float
          ]
          and
          [
              T=int
          ]
E:\test\renderer\renderer\renderer\model.cpp(94,56): warning C4244: “参数”: 从“T”转换到“T”，可能丢失数据
          with
          [
              T=float
          ]
          and
          [
              T=int
          ]
E:\test\renderer\renderer\renderer\model.cpp(94,21): warning C4244: “参数”: 从“T”转换到“T”，可能丢失数据
          with
          [
              T=float
          ]
          and
          [
              T=int
          ]
E:\test\renderer\renderer\renderer\model.cpp(99,54): warning C4244: “参数”: 从“T”转换到“T”，可能丢失数据
          with
          [
              T=float
          ]
          and
          [
              T=int
          ]
E:\test\renderer\renderer\renderer\model.cpp(99,21): warning C4244: “参数”: 从“T”转换到“T”，可能丢失数据
          with
          [
              T=float
          ]
          and
          [
              T=int
          ]
  our_gl.cpp
E:\test\renderer\renderer\renderer\tgaimage.h(58,59): warning C4244: “=”: 从“float”转换到“unsigned char”，可能丢失数据
E:\test\renderer\renderer\renderer\our_gl.cpp(67,20): warning C4244: “=”: 从“T”转换到“T”，可能丢失数据
          with
          [
              T=float
          ]
          and
          [
              T=int
          ]
E:\test\renderer\renderer\renderer\our_gl.cpp(68,21): warning C4244: “=”: 从“T”转换到“T”，可能丢失数据
          with
          [
              T=float
          ]
          and
          [
              T=int
          ]
E:\test\renderer\renderer\renderer\our_gl.cpp(74,19): warning C4244: “初始化”: 从“float”转换到“int”，可能丢失数据
E:\test\renderer\renderer\renderer\our_gl.cpp(81,46): warning C4244: “=”: 从“int”转换到“float”，可能丢失数据
  tgaimage.cpp
E:\test\renderer\renderer\renderer\tgaimage.h(58,59): warning C4244: “=”: 从“float”转换到“unsigned char”，可能丢失数据
  正在生成代码...
  renderer.vcxproj -> E:\test\renderer\renderer\x64\Debug\renderer.exe
